\BOOKMARK [1][-]{section.1}{\376\377\004\022\004\062\004\065\004\064\004\065\004\075\004\070\004\065}{}% 1
\BOOKMARK [1][-]{section.2}{\376\377\004\036\004\101\004\075\004\076\004\062\004\075\004\113\004\065\000\040\004\077\004\076\004\075\004\117\004\102\004\070\004\117}{}% 2
\BOOKMARK [1][-]{section.3}{\376\377\000P\000r\000o\000o\000f\000-\000o\000f\000-\000w\000o\000r\000k}{}% 3
\BOOKMARK [2][-]{subsection.3.1}{\376\377\004\041\004\102\004\100\004\103\004\072\004\102\004\103\004\100\004\060\000\040\004\061\004\073\004\076\004\072\004\060}{section.3}% 4
\BOOKMARK [2][-]{subsection.3.2}{\376\377\004\045\004\065\004\110\000\040\004\061\004\073\004\076\004\072\004\060}{section.3}% 5
\BOOKMARK [2][-]{subsection.3.3}{\376\377\004\023\004\065\004\075\004\065\004\100\004\060\004\106\004\070\004\117\000\040\004\061\004\073\004\076\004\072\004\060}{section.3}% 6
\BOOKMARK [2][-]{subsection.3.4}{\376\377\004\045\004\100\004\060\004\075\004\065\004\075\004\070\004\065\000\040\004\061\004\073\004\076\004\072\004\076\004\062}{section.3}% 7
\BOOKMARK [2][-]{subsection.3.5}{\376\377\004\037\004\100\004\076\004\062\004\065\004\100\004\072\004\060\000\040\004\106\004\065\004\073\004\076\004\101\004\102\004\075\004\076\004\101\004\102\004\070\000\040\004\061\004\073\004\076\004\072\004\076\004\062}{section.3}% 8
\BOOKMARK [2][-]{subsection.3.6}{\376\377\004\022\004\113\004\061\004\076\004\100\000\040\004\101\004\060\004\074\004\113\004\071\000\040\004\064\004\073\004\070\004\075\004\075\004\076\004\071\000\040\004\106\004\065\004\077\004\076\004\107\004\072\004\070\000\040\004\061\004\073\004\076\004\072\004\076\004\062}{section.3}% 9
\BOOKMARK [2][-]{subsection.3.7}{\376\377\004\040\004\060\004\061\004\076\004\102\004\060\000\040\004\101\000\040\004\103\004\067\004\073\004\060\004\074\004\070\000\040\004\101\004\065\004\102\004\070}{section.3}% 10
\BOOKMARK [2][-]{subsection.3.8}{\376\377\004\043\004\077\004\100\004\060\004\062\004\073\004\065\004\075\004\070\004\065\000\040\004\103\004\067\004\073\004\076\004\074}{section.3}% 11
\BOOKMARK [2][-]{subsection.3.9}{\376\377\004\020\004\100\004\105\004\070\004\102\004\065\004\072\004\102\004\103\004\100\004\060}{section.3}% 12
\BOOKMARK [1][-]{section.4}{\376\377\004\042\004\100\004\060\004\075\004\067\004\060\004\072\004\106\004\070\004\070}{}% 13
\BOOKMARK [2][-]{subsection.4.1}{\376\377\004\032\004\100\004\070\004\077\004\102\004\076\004\063\004\100\004\060\004\104\004\070\004\117\000\040\004\075\004\060\000\040\004\076\004\102\004\072\004\100\004\113\004\102\004\113\004\105\000\040\004\072\004\073\004\116\004\107\004\060\004\105\000\040\004\070\000\040\004\077\004\076\004\064\004\077\004\070\004\101\004\114}{section.4}% 14
\BOOKMARK [2][-]{subsection.4.2}{\376\377\004\036\004\102\004\072\004\100\004\113\004\102\004\113\004\065\000\040\004\070\000\040\004\067\004\060\004\072\004\100\004\113\004\102\004\113\004\065\000\040\004\072\004\073\004\116\004\107\004\070\000\040\004\062\000\040\000E\000C\000D\000S\000A}{section.4}% 15
\BOOKMARK [2][-]{subsection.4.3}{\376\377\004\027\004\075\004\060\004\072\004\076\004\074\004\101\004\102\004\062\004\076\000\040\004\101\000\040\004\102\004\100\004\060\004\075\004\067\004\060\004\072\004\106\004\070\004\117\004\074\004\070}{section.4}% 16
\BOOKMARK [2][-]{subsection.4.4}{\376\377\004\022\004\113\004\062\004\076\004\064\004\113\000\040\004\102\004\100\004\060\004\075\004\067\004\060\004\072\004\106\004\070\004\071}{section.4}% 17
\BOOKMARK [2][-]{subsection.4.5}{\376\377\004\022\004\062\004\076\004\064\004\113\000\040\004\102\004\100\004\060\004\075\004\067\004\060\004\072\004\106\004\070\004\071}{section.4}% 18
\BOOKMARK [2][-]{subsection.4.6}{\376\377\004\032\004\073\004\060\004\101\004\101\000\040\004\102\004\100\004\060\004\075\004\067\004\060\004\072\004\106\004\070\004\070}{section.4}% 19
\BOOKMARK [2][-]{subsection.4.7}{\376\377\004\030\004\064\004\065\004\075\004\102\004\070\004\104\004\070\004\072\004\060\004\102\004\076\004\100\000\040\004\102\004\100\004\060\004\075\004\067\004\060\004\072\004\106\004\070\004\070}{section.4}% 20
\BOOKMARK [2][-]{subsection.4.8}{\376\377\004\037\004\076\004\064\004\077\004\070\004\101\004\114\000\040\004\102\004\100\004\060\004\075\004\067\004\060\004\072\004\106\004\070\004\070}{section.4}% 21
\BOOKMARK [2][-]{subsection.4.9}{\376\377\004\035\004\065\004\070\004\067\004\100\004\060\004\101\004\105\004\076\004\064\004\076\004\062\004\060\004\075\004\075\004\113\004\065\000\040\004\062\004\113\004\105\004\076\004\064\004\113\000\040\004\102\004\100\004\060\004\075\004\067\004\060\004\072\004\106\004\070\004\071}{section.4}% 22
\BOOKMARK [2][-]{subsection.4.10}{\376\377\004\036\004\061\004\075\004\076\004\062\004\073\004\065\004\075\004\070\004\065\000\040\004\075\004\065\004\070\004\067\004\100\004\060\004\101\004\105\004\076\004\064\004\076\004\062\004\060\004\075\004\075\004\113\004\105\000\040\004\102\004\100\004\060\004\075\004\067\004\060\004\072\004\106\004\070\004\076\004\075\004\075\004\113\004\105\000\040\004\062\004\113\004\105\004\076\004\064\004\076\004\062}{section.4}% 23
\BOOKMARK [1][-]{section.5}{\376\377\004\037\004\100\004\076\004\062\004\065\004\100\004\072\004\060\000\040\004\102\004\100\004\060\004\075\004\067\004\060\004\072\004\106\004\070\004\071}{}% 24
\BOOKMARK [2][-]{subsection.5.1}{\376\377\004\037\004\100\004\060\004\062\004\070\004\073\004\114\004\075\004\060\004\117\000\040\004\101\004\102\004\100\004\103\004\072\004\102\004\103\004\100\004\060\000\040\004\102\004\100\004\060\004\075\004\067\004\060\004\072\004\106\004\070\004\070}{section.5}% 25
\BOOKMARK [2][-]{subsection.5.2}{\376\377\004\042\004\100\004\060\004\075\004\067\004\060\004\072\004\106\004\070\004\117\000\040\000-\000\040\004\061\004\060\004\067\004\060\000\040\004\074\004\076\004\075\004\065\004\102}{section.5}% 26
